2025-12-23 11:36:05,767 DEBUG Starting app.py
2025-12-23 11:36:37,612 DEBUG Starting app.py
2025-12-23 11:36:37,735 DEBUG Starting app.py
2025-12-23 11:36:37,755 DEBUG request_password_reset start for emrahfirat444@gmail.com
2025-12-23 11:36:37,759 DEBUG Saving users.json with 4 users
2025-12-23 11:36:37,764 DEBUG users.json saved
2025-12-23 11:36:37,765 DEBUG request_password_reset: save_users returned True
2025-12-23 11:36:37,768 INFO [PASSWORD RESET] Email: emrahfirat444@gmail.com, Temporary Password: gGuQRLBG
2025-12-23 11:36:37,768 DEBUG request_password_reset: send_password_reset_email returned True
2025-12-23 11:50:24,054 DEBUG Starting app.py
2025-12-23 11:50:24,542 DEBUG Starting app.py
2025-12-23 12:18:48,319 DEBUG Starting app.py
2025-12-23 12:19:09,176 DEBUG Starting app.py
2025-12-23 12:19:16,960 DEBUG Starting app.py
2025-12-23 12:19:17,080 DEBUG Starting app.py
2025-12-23 13:02:38,615 DEBUG Starting app.py
2025-12-23 13:02:38,627 DEBUG request_password_reset start for efirat@yatas.com 
2025-12-23 13:02:38,633 DEBUG request_password_reset: user not found efirat@yatas.com 
2025-12-23 13:02:51,269 DEBUG Starting app.py
2025-12-23 13:02:51,402 DEBUG Starting app.py
2025-12-23 13:02:51,419 DEBUG request_password_reset start for emrahfirat444@gmail.com
2025-12-23 13:02:51,427 DEBUG Saving users.json with 4 users
2025-12-23 13:02:51,430 DEBUG users.json saved
2025-12-23 13:02:51,430 DEBUG request_password_reset: save_users returned True
2025-12-23 13:02:51,436 INFO [PASSWORD RESET] Email: emrahfirat444@gmail.com, Temporary Password: OdtDuE2R
2025-12-23 13:02:51,436 DEBUG request_password_reset: send_password_reset_email returned True
2025-12-23 13:53:39,841 DEBUG Starting app.py
2025-12-23 13:53:54,071 DEBUG Starting app.py
2025-12-23 13:54:02,205 DEBUG Starting app.py
2025-12-23 13:54:02,341 DEBUG Starting app.py
2025-12-23 13:54:11,244 DEBUG Starting app.py
2025-12-23 13:54:11,270 DEBUG Forgot-password button clicked; email=emrahfirat444@gmail.com
2025-12-23 13:54:11,280 DEBUG Calling request_password_reset for emrahfirat444@gmail.com
2025-12-23 13:54:11,285 DEBUG request_password_reset start for emrahfirat444@gmail.com
2025-12-23 13:54:11,287 DEBUG Saving users.json with 4 users
2025-12-23 13:54:11,291 DEBUG users.json saved
2025-12-23 13:54:11,291 DEBUG request_password_reset: save_users returned True
2025-12-23 13:54:11,296 INFO [PASSWORD RESET] Email: emrahfirat444@gmail.com, Temporary Password: O65gWqBa
2025-12-23 13:54:11,299 DEBUG request_password_reset: send_password_reset_email returned True
2025-12-23 13:54:11,303 DEBUG request_password_reset returned True for emrahfirat444@gmail.com
2025-12-23 13:59:13,340 DEBUG Starting app.py
2025-12-23 13:59:13,340 DEBUG Initial session_state keys: []
2025-12-23 13:59:13,977 DEBUG Initial query_params: {}
2025-12-23 14:00:15,239 DEBUG Starting app.py
2025-12-23 14:00:15,244 DEBUG Initial session_state keys: []
2025-12-23 14:00:15,244 DEBUG Initial query_params: {}
2025-12-23 14:00:23,322 DEBUG Starting app.py
2025-12-23 14:00:23,324 DEBUG Initial session_state keys: ['login_email', 'user_data', 'chat_history', 'token', 'leave_data', 'authenticated', 'btn_forgot', 'gallery_state', 'login_password', 'login_btn', 'page']
2025-12-23 14:00:23,324 DEBUG Initial query_params: {}
2025-12-23 14:00:41,404 DEBUG Starting app.py
2025-12-23 14:00:41,405 DEBUG Initial session_state keys: ['login_email', 'user_data', 'chat_history', 'token', 'leave_data', 'authenticated', 'btn_forgot', 'gallery_state', 'login_password', 'login_btn', 'page']
2025-12-23 14:00:41,405 DEBUG Initial query_params: {}
2025-12-23 14:00:41,420 DEBUG Forgot-password button clicked; email=emrahfirat444@gmail.com
2025-12-23 14:00:41,423 DEBUG Calling request_password_reset for emrahfirat444@gmail.com
2025-12-23 14:00:41,423 DEBUG request_password_reset start for emrahfirat444@gmail.com
2025-12-23 14:00:41,430 DEBUG Saving users.json with 4 users
2025-12-23 14:00:41,434 DEBUG users.json saved
2025-12-23 14:00:41,434 DEBUG request_password_reset: save_users returned True
2025-12-23 14:00:41,436 INFO [PASSWORD RESET] Email: emrahfirat444@gmail.com, Temporary Password: BuO2oelX
2025-12-23 14:00:41,436 DEBUG request_password_reset: send_password_reset_email returned True
2025-12-23 14:00:41,439 DEBUG request_password_reset returned True for emrahfirat444@gmail.com
2025-12-23 14:01:54,135 DEBUG Starting app.py
2025-12-23 14:01:54,135 DEBUG Initial session_state keys: []
2025-12-23 14:01:54,135 DEBUG Initial query_params: {}
2025-12-23 14:01:54,135 DEBUG ENABLE_PASSWORD_RESET=False
2025-12-23 14:41:10,437 DEBUG Starting app.py
2025-12-23 14:41:10,443 DEBUG Initial session_state keys: []
2025-12-23 14:41:10,443 DEBUG Initial session_state keys: []
2025-12-23 14:41:10,443 DEBUG Starting app.py
2025-12-23 14:41:10,443 DEBUG Initial query_params: {}
2025-12-23 14:41:10,443 DEBUG Initial query_params: {}
2025-12-23 14:41:10,443 DEBUG ENABLE_PASSWORD_RESET=False
2025-12-23 14:41:10,443 DEBUG ENABLE_PASSWORD_RESET=False
2025-12-23 14:41:10,443 DEBUG Starting app.py
2025-12-23 14:41:10,448 DEBUG Initial session_state keys: []
2025-12-23 14:41:10,448 DEBUG Initial session_state keys: []
2025-12-23 14:41:10,448 DEBUG Initial query_params: {}
2025-12-23 14:41:10,448 DEBUG Initial query_params: {}
2025-12-23 14:41:10,448 DEBUG ENABLE_PASSWORD_RESET=False
2025-12-23 14:41:10,448 DEBUG ENABLE_PASSWORD_RESET=False
2025-12-23 14:41:35,512 DEBUG Starting app.py
2025-12-23 14:41:35,512 DEBUG Starting app.py
2025-12-23 14:41:35,514 DEBUG Initial session_state keys: ['token', 'leave_data', 'login_password', 'authenticated', 'gallery_state', 'user_data', 'page', 'login_btn', 'login_email', 'chat_history']
2025-12-23 14:41:35,514 DEBUG Initial session_state keys: ['token', 'leave_data', 'login_password', 'authenticated', 'gallery_state', 'user_data', 'page', 'login_btn', 'login_email', 'chat_history']
2025-12-23 14:41:35,517 DEBUG Initial query_params: {}
2025-12-23 14:41:35,517 DEBUG Initial query_params: {}
2025-12-23 14:41:35,517 DEBUG ENABLE_PASSWORD_RESET=False
2025-12-23 14:41:35,517 DEBUG ENABLE_PASSWORD_RESET=False
2025-12-23 14:41:37,180 DEBUG Starting app.py
2025-12-23 14:41:37,180 DEBUG Starting app.py
2025-12-23 14:41:37,181 DEBUG Initial session_state keys: ['token', 'leave_data', 'login_password', 'authenticated', 'gallery_state', 'user_data', 'page', 'login_btn', 'login_email', 'chat_history']
2025-12-23 14:41:37,181 DEBUG Initial session_state keys: ['token', 'leave_data', 'login_password', 'authenticated', 'gallery_state', 'user_data', 'page', 'login_btn', 'login_email', 'chat_history']
2025-12-23 14:41:37,181 DEBUG Initial query_params: {}
2025-12-23 14:41:37,181 DEBUG Initial query_params: {}
2025-12-23 14:41:37,181 DEBUG ENABLE_PASSWORD_RESET=False
2025-12-23 14:41:37,181 DEBUG ENABLE_PASSWORD_RESET=False
2025-12-23 14:41:37,296 DEBUG Starting app.py
2025-12-23 14:41:37,296 DEBUG Starting app.py
2025-12-23 14:41:37,298 DEBUG Initial session_state keys: ['token', 'leave_data', 'login_password', 'authenticated', 'gallery_state', 'user_data', 'page', 'login_btn', 'login_email', 'chat_history']
2025-12-23 14:41:37,298 DEBUG Initial session_state keys: ['token', 'leave_data', 'login_password', 'authenticated', 'gallery_state', 'user_data', 'page', 'login_btn', 'login_email', 'chat_history']
2025-12-23 14:41:37,298 DEBUG Initial query_params: {}
2025-12-23 14:41:37,298 DEBUG Initial query_params: {}
2025-12-23 14:41:37,300 DEBUG ENABLE_PASSWORD_RESET=False
2025-12-23 14:41:37,300 DEBUG ENABLE_PASSWORD_RESET=False
2025-12-23 14:41:37,394 DEBUG Saving users.json with 4 users
2025-12-23 14:41:37,394 DEBUG Saving users.json with 4 users
2025-12-23 14:41:37,399 DEBUG users.json saved
2025-12-23 14:41:37,399 DEBUG users.json saved
2025-12-23 14:41:37,465 DEBUG Starting app.py
2025-12-23 14:41:37,465 DEBUG Starting app.py
2025-12-23 14:41:37,465 DEBUG Initial session_state keys: ['token', 'leave_data', 'login_password', 'authenticated', 'gallery_state', 'user_data', 'page', 'login_btn', 'login_email', 'chat_history']
2025-12-23 14:41:37,465 DEBUG Initial session_state keys: ['token', 'leave_data', 'login_password', 'authenticated', 'gallery_state', 'user_data', 'page', 'login_btn', 'login_email', 'chat_history']
2025-12-23 14:41:37,465 DEBUG Initial query_params: {}
2025-12-23 14:41:37,465 DEBUG Initial query_params: {}
2025-12-23 14:41:37,465 DEBUG ENABLE_PASSWORD_RESET=False
2025-12-23 14:41:37,465 DEBUG ENABLE_PASSWORD_RESET=False
2025-12-23 14:41:47,568 DEBUG Starting app.py
2025-12-23 14:41:47,568 DEBUG Starting app.py
2025-12-23 14:41:47,568 DEBUG Initial session_state keys: ['token', 'btn_dashboard', 'leave_data', 'authenticated', 'gallery_state', 'btn_b2c', 'user_data', 'page', 'btn_proje_analiz', 'btn_organization', 'chat_history', 'btn_assistant']
2025-12-23 14:41:47,568 DEBUG Initial session_state keys: ['token', 'btn_dashboard', 'leave_data', 'authenticated', 'gallery_state', 'btn_b2c', 'user_data', 'page', 'btn_proje_analiz', 'btn_organization', 'chat_history', 'btn_assistant']
2025-12-23 14:41:47,568 DEBUG Initial query_params: {}
2025-12-23 14:41:47,568 DEBUG Initial query_params: {}
2025-12-23 14:41:47,568 DEBUG ENABLE_PASSWORD_RESET=False
2025-12-23 14:41:47,568 DEBUG ENABLE_PASSWORD_RESET=False
2025-12-23 14:41:47,680 DEBUG Starting app.py
2025-12-23 14:41:47,680 DEBUG Starting app.py
2025-12-23 14:41:47,681 DEBUG Initial session_state keys: ['token', 'btn_dashboard', 'leave_data', 'authenticated', 'gallery_state', 'btn_b2c', 'user_data', 'page', 'btn_proje_analiz', 'btn_organization', 'chat_history', 'btn_assistant']
2025-12-23 14:41:47,681 DEBUG Initial session_state keys: ['token', 'btn_dashboard', 'leave_data', 'authenticated', 'gallery_state', 'btn_b2c', 'user_data', 'page', 'btn_proje_analiz', 'btn_organization', 'chat_history', 'btn_assistant']
2025-12-23 14:41:47,682 DEBUG Initial query_params: {}
2025-12-23 14:41:47,682 DEBUG Initial query_params: {}
2025-12-23 14:41:47,683 DEBUG ENABLE_PASSWORD_RESET=False
2025-12-23 14:41:47,683 DEBUG ENABLE_PASSWORD_RESET=False
2025-12-23 16:03:59,742 DEBUG Starting app.py
2025-12-23 16:03:59,742 DEBUG Starting app.py
2025-12-23 16:03:59,742 DEBUG Initial session_state keys: []
2025-12-23 16:03:59,742 DEBUG Initial session_state keys: []
2025-12-23 16:03:59,742 DEBUG Initial query_params: {}
2025-12-23 16:03:59,742 DEBUG Initial query_params: {}
2025-12-23 16:03:59,742 DEBUG ENABLE_PASSWORD_RESET=False
2025-12-23 16:03:59,742 DEBUG ENABLE_PASSWORD_RESET=False
2025-12-24 10:54:04,258 DEBUG Starting app.py
2025-12-24 10:54:04,258 DEBUG Initial session_state keys: []
2025-12-24 10:54:04,258 DEBUG Initial query_params: {}
2025-12-24 10:54:04,258 DEBUG ENABLE_PASSWORD_RESET=False
2025-12-24 10:54:27,932 DEBUG Starting app.py
2025-12-24 10:54:27,932 DEBUG Initial session_state keys: []
2025-12-24 10:54:27,932 DEBUG Initial query_params: {}
2025-12-24 10:54:27,932 DEBUG ENABLE_PASSWORD_RESET=False
2025-12-24 10:54:43,230 DEBUG Starting app.py
2025-12-24 10:54:43,230 DEBUG Initial session_state keys: []
2025-12-24 10:54:43,230 DEBUG Initial query_params: {}
2025-12-24 10:54:43,230 DEBUG ENABLE_PASSWORD_RESET=False
2025-12-24 10:54:47,251 DEBUG Starting app.py
2025-12-24 10:54:47,254 DEBUG Initial session_state keys: ['login_btn', 'page', 'chat_history', 'authenticated', 'login_password', 'token', 'login_email', 'user_data', 'gallery_state', 'leave_data']
2025-12-24 10:54:47,254 DEBUG Initial query_params: {}
2025-12-24 10:54:47,254 DEBUG ENABLE_PASSWORD_RESET=False
2025-12-24 10:54:55,668 DEBUG Starting app.py
2025-12-24 10:54:55,670 DEBUG Initial session_state keys: ['login_btn', 'page', 'chat_history', 'authenticated', 'login_password', 'token', 'login_email', 'user_data', 'gallery_state', 'leave_data']
2025-12-24 10:54:55,671 DEBUG Initial query_params: {}
2025-12-24 10:54:55,671 DEBUG ENABLE_PASSWORD_RESET=False
2025-12-24 10:54:55,757 DEBUG Starting app.py
2025-12-24 10:54:55,757 DEBUG Initial session_state keys: ['login_btn', 'page', 'chat_history', 'authenticated', 'login_password', 'token', 'login_email', 'user_data', 'gallery_state', 'leave_data']
2025-12-24 10:54:55,757 DEBUG Initial query_params: {}
2025-12-24 10:54:55,757 DEBUG ENABLE_PASSWORD_RESET=False
2025-12-24 10:55:57,308 DEBUG Starting app.py
2025-12-24 10:55:57,309 DEBUG Starting app.py
2025-12-24 10:55:57,309 DEBUG Starting app.py
2025-12-24 10:55:57,310 DEBUG Initial session_state keys: []
2025-12-24 10:55:57,310 DEBUG Initial session_state keys: []
2025-12-24 10:55:57,312 DEBUG Initial session_state keys: []
2025-12-24 10:55:57,313 DEBUG Initial query_params: {}
: []
2025-12-24 10:55:57,313 DEBUG Initial query_params: {}
2025-12-24 10:55:57,313 DEBUG Initial query_params: {}
2025-12-24 10:55:57,313 DEBUG Initial query_params: {}
2025-12-24 10:55:57,314 DEBUG ENABLE_PASSWORD_RESET=False
2025-12-24 10:55:57,314 DEBUG ENABLE_PASSWORD_RESET=False
2025-12-24 10:55:57,315 DEBUG ENABLE_PASSWORD_RESET=False
2025-12-24 10:55:57,315 DEBUG ENABLE_PASSWORD_RESET=False
2025-12-24 10:56:00,268 DEBUG Starting app.py
2025-12-24 10:56:00,268 DEBUG Starting app.py
2025-12-24 10:56:00,268 DEBUG Initial session_state keys: ['user_data', 'token', 'login_email', 'gallery_state', 'page', 'login_password', 'authenticated', 'login_btn', 'leave_data', 'chat_history']
2025-12-24 10:56:00,268 DEBUG Initial session_state keys: ['user_data', 'token', 'login_email', 'gallery_state', 'page', 'login_password', 'authenticated', 'login_btn', 'leave_data', 'chat_history']
2025-12-24 10:56:00,268 DEBUG Initial query_params: {}
2025-12-24 10:56:00,268 DEBUG Initial query_params: {}
2025-12-24 10:56:00,268 DEBUG ENABLE_PASSWORD_RESET=False
2025-12-24 10:56:00,268 DEBUG ENABLE_PASSWORD_RESET=False
2025-12-24 10:56:09,781 DEBUG Starting app.py
2025-12-24 10:56:09,781 DEBUG Starting app.py
2025-12-24 10:56:09,783 DEBUG Initial session_state keys: ['user_data', 'token', 'login_email', 'gallery_state', 'page', 'login_password', 'authenticated', 'login_btn', 'leave_data', 'chat_history']
2025-12-24 10:56:09,783 DEBUG Initial session_state keys: ['user_data', 'token', 'login_email', 'gallery_state', 'page', 'login_password', 'authenticated', 'login_btn', 'leave_data', 'chat_history']
2025-12-24 10:56:09,783 DEBUG Initial query_params: {}
2025-12-24 10:56:09,783 DEBUG Initial query_params: {}
2025-12-24 10:56:09,783 DEBUG ENABLE_PASSWORD_RESET=False
2025-12-24 10:56:09,783 DEBUG ENABLE_PASSWORD_RESET=False
2025-12-24 10:56:10,326 DEBUG Starting app.py
2025-12-24 10:56:10,326 DEBUG Starting app.py
2025-12-24 10:56:10,326 DEBUG Initial session_state keys: ['user_data', 'token', 'login_email', 'gallery_state', 'page', 'login_password', 'authenticated', 'login_btn', 'leave_data', 'chat_history']
2025-12-24 10:56:10,326 DEBUG Initial session_state keys: ['user_data', 'token', 'login_email', 'gallery_state', 'page', 'login_password', 'authenticated', 'login_btn', 'leave_data', 'chat_history']
2025-12-24 10:56:10,326 DEBUG Initial query_params: {}
2025-12-24 10:56:10,326 DEBUG Initial query_params: {}
2025-12-24 10:56:10,326 DEBUG ENABLE_PASSWORD_RESET=False
2025-12-24 10:56:10,326 DEBUG ENABLE_PASSWORD_RESET=False
2025-12-24 10:56:10,433 DEBUG Saving users.json with 4 users
2025-12-24 10:56:10,433 DEBUG Saving users.json with 4 users
2025-12-24 10:56:10,438 DEBUG users.json saved
2025-12-24 10:56:10,438 DEBUG users.json saved
2025-12-24 10:56:10,512 DEBUG Starting app.py
2025-12-24 10:56:10,512 DEBUG Starting app.py
2025-12-24 10:56:10,515 DEBUG Initial session_state keys: ['user_data', 'token', 'login_email', 'gallery_state', 'page', 'login_password', 'authenticated', 'login_btn', 'leave_data', 'chat_history']
2025-12-24 10:56:10,515 DEBUG Initial session_state keys: ['user_data', 'token', 'login_email', 'gallery_state', 'page', 'login_password', 'authenticated', 'login_btn', 'leave_data', 'chat_history']
2025-12-24 10:56:10,515 DEBUG Initial query_params: {}
2025-12-24 10:56:10,515 DEBUG Initial query_params: {}
2025-12-24 10:56:10,515 DEBUG ENABLE_PASSWORD_RESET=False
2025-12-24 10:56:10,515 DEBUG ENABLE_PASSWORD_RESET=False
2025-12-24 10:56:14,588 DEBUG Starting app.py
2025-12-24 10:56:14,588 DEBUG Starting app.py
2025-12-24 10:56:14,588 DEBUG Initial session_state keys: ['user_data', 'token', 'btn_assistant', 'gallery_state', 'btn_proje_analiz', 'btn_b2c', 'page', 'btn_admin', 'authenticated', 'btn_organization', 'btn_dashboard', 'leave_data', 'chat_history']
2025-12-24 10:56:14,588 DEBUG Initial session_state keys: ['user_data', 'token', 'btn_assistant', 'gallery_state', 'btn_proje_analiz', 'btn_b2c', 'page', 'btn_admin', 'authenticated', 'btn_organization', 'btn_dashboard', 'leave_data', 'chat_history']
2025-12-24 10:56:14,592 DEBUG Initial query_params: {}
2025-12-24 10:56:14,592 DEBUG Initial query_params: {}
2025-12-24 10:56:14,592 DEBUG ENABLE_PASSWORD_RESET=False
2025-12-24 10:56:14,592 DEBUG ENABLE_PASSWORD_RESET=False
2025-12-24 10:56:14,705 DEBUG Starting app.py
2025-12-24 10:56:14,705 DEBUG Starting app.py
2025-12-24 10:56:14,705 DEBUG Initial session_state keys: ['user_data', 'token', 'btn_assistant', 'gallery_state', 'btn_proje_analiz', 'btn_b2c', 'page', 'btn_admin', 'authenticated', 'btn_organization', 'btn_dashboard', 'leave_data', 'chat_history']
2025-12-24 10:56:14,705 DEBUG Initial session_state keys: ['user_data', 'token', 'btn_assistant', 'gallery_state', 'btn_proje_analiz', 'btn_b2c', 'page', 'btn_admin', 'authenticated', 'btn_organization', 'btn_dashboard', 'leave_data', 'chat_history']
2025-12-24 10:56:14,705 DEBUG Initial query_params: {}
2025-12-24 10:56:14,705 DEBUG Initial query_params: {}
2025-12-24 10:56:14,705 DEBUG ENABLE_PASSWORD_RESET=False
2025-12-24 10:56:14,705 DEBUG ENABLE_PASSWORD_RESET=False
2025-12-24 10:56:18,566 DEBUG Starting app.py
2025-12-24 10:56:18,566 DEBUG Starting app.py
2025-12-24 10:56:18,566 DEBUG Initial session_state keys: ['user_data', 'FormSubmitter:add_user_form-Ekle', 'toggle_demo@yatas.com', 'toggle_admin@yatas.com', 'toggle_emrahfirat444@gmail.com', 'leave_data', 'reset_emrahfirat444@gmail.com', 'reset_admin@yatas.com', 'back_admin', 'token', 'gallery_state', 'page', 'toggle_efirat@yatas.com', 'reset_efirat@yatas.com', 'authenticated', 'reset_demo@yatas.com', 'chat_history']
2025-12-24 10:56:18,566 DEBUG Initial session_state keys: ['user_data', 'FormSubmitter:add_user_form-Ekle', 'toggle_demo@yatas.com', 'toggle_admin@yatas.com', 'toggle_emrahfirat444@gmail.com', 'leave_data', 'reset_emrahfirat444@gmail.com', 'reset_admin@yatas.com', 'back_admin', 'token', 'gallery_state', 'page', 'toggle_efirat@yatas.com', 'reset_efirat@yatas.com', 'authenticated', 'reset_demo@yatas.com', 'chat_history']
2025-12-24 10:56:18,570 DEBUG Initial query_params: {}
2025-12-24 10:56:18,570 DEBUG Initial query_params: {}
2025-12-24 10:56:18,570 DEBUG ENABLE_PASSWORD_RESET=False
2025-12-24 10:56:18,570 DEBUG ENABLE_PASSWORD_RESET=False
2025-12-24 10:56:18,653 DEBUG Starting app.py
2025-12-24 10:56:18,653 DEBUG Starting app.py
2025-12-24 10:56:18,653 DEBUG Initial session_state keys: ['user_data', 'token', 'back_admin', 'gallery_state', 'page', 'authenticated', 'leave_data', 'chat_history']
2025-12-24 10:56:18,653 DEBUG Initial session_state keys: ['user_data', 'token', 'back_admin', 'gallery_state', 'page', 'authenticated', 'leave_data', 'chat_history']
2025-12-24 10:56:18,653 DEBUG Initial query_params: {}
2025-12-24 10:56:18,653 DEBUG Initial query_params: {}
2025-12-24 10:56:18,653 DEBUG ENABLE_PASSWORD_RESET=False
2025-12-24 10:56:18,653 DEBUG ENABLE_PASSWORD_RESET=False
2025-12-24 10:56:22,001 DEBUG Starting app.py
2025-12-24 10:56:22,001 DEBUG Starting app.py
2025-12-24 10:56:22,001 DEBUG Initial session_state keys: ['user_data', 'token', 'btn_assistant', 'gallery_state', 'btn_proje_analiz', 'btn_b2c', 'page', 'btn_admin', 'authenticated', 'btn_organization', 'btn_dashboard', 'leave_data', 'chat_history']
2025-12-24 10:56:22,001 DEBUG Initial session_state keys: ['user_data', 'token', 'btn_assistant', 'gallery_state', 'btn_proje_analiz', 'btn_b2c', 'page', 'btn_admin', 'authenticated', 'btn_organization', 'btn_dashboard', 'leave_data', 'chat_history']
2025-12-24 10:56:22,001 DEBUG Initial query_params: {}
2025-12-24 10:56:22,001 DEBUG Initial query_params: {}
2025-12-24 10:56:22,001 DEBUG ENABLE_PASSWORD_RESET=False
2025-12-24 10:56:22,001 DEBUG ENABLE_PASSWORD_RESET=False
2025-12-24 10:56:22,171 DEBUG Starting app.py
2025-12-24 10:56:22,171 DEBUG Starting app.py
2025-12-24 10:56:22,173 DEBUG Initial session_state keys: ['user_data', 'token', 'btn_assistant', 'gallery_state', 'btn_proje_analiz', 'btn_b2c', 'page', 'btn_admin', 'authenticated', 'btn_organization', 'btn_dashboard', 'leave_data', 'chat_history']
2025-12-24 10:56:22,173 DEBUG Initial session_state keys: ['user_data', 'token', 'btn_assistant', 'gallery_state', 'btn_proje_analiz', 'btn_b2c', 'page', 'btn_admin', 'authenticated', 'btn_organization', 'btn_dashboard', 'leave_data', 'chat_history']
2025-12-24 10:56:22,175 DEBUG Initial query_params: {}
2025-12-24 10:56:22,175 DEBUG Initial query_params: {}
2025-12-24 10:56:22,177 DEBUG ENABLE_PASSWORD_RESET=False
2025-12-24 10:56:22,177 DEBUG ENABLE_PASSWORD_RESET=False
2025-12-24 10:56:26,673 DEBUG Starting app.py
2025-12-24 10:56:26,673 DEBUG Starting app.py
2025-12-24 10:56:26,677 DEBUG Initial session_state keys: ['user_data', 'FormSubmitter:add_user_form-Ekle', 'toggle_demo@yatas.com', 'toggle_admin@yatas.com', 'toggle_emrahfirat444@gmail.com', 'leave_data', 'reset_emrahfirat444@gmail.com', 'reset_admin@yatas.com', 'back_admin', 'token', 'gallery_state', 'page', 'toggle_efirat@yatas.com', 'reset_efirat@yatas.com', 'authenticated', 'reset_demo@yatas.com', 'chat_history']
2025-12-24 10:56:26,677 DEBUG Initial session_state keys: ['user_data', 'FormSubmitter:add_user_form-Ekle', 'toggle_demo@yatas.com', 'toggle_admin@yatas.com', 'toggle_emrahfirat444@gmail.com', 'leave_data', 'reset_emrahfirat444@gmail.com', 'reset_admin@yatas.com', 'back_admin', 'token', 'gallery_state', 'page', 'toggle_efirat@yatas.com', 'reset_efirat@yatas.com', 'authenticated', 'reset_demo@yatas.com', 'chat_history']
2025-12-24 10:56:26,677 DEBUG Initial query_params: {}
2025-12-24 10:56:26,677 DEBUG Initial query_params: {}
2025-12-24 10:56:26,677 DEBUG ENABLE_PASSWORD_RESET=False
2025-12-24 10:56:26,677 DEBUG ENABLE_PASSWORD_RESET=False
2025-12-24 10:56:26,774 DEBUG Starting app.py
2025-12-24 10:56:26,774 DEBUG Starting app.py
2025-12-24 10:56:26,774 DEBUG Initial session_state keys: ['user_data', 'token', 'back_admin', 'gallery_state', 'page', 'authenticated', 'leave_data', 'chat_history']
2025-12-24 10:56:26,774 DEBUG Initial session_state keys: ['user_data', 'token', 'back_admin', 'gallery_state', 'page', 'authenticated', 'leave_data', 'chat_history']
2025-12-24 10:56:26,774 DEBUG Initial query_params: {}
2025-12-24 10:56:26,774 DEBUG Initial query_params: {}
2025-12-24 10:56:26,774 DEBUG ENABLE_PASSWORD_RESET=False
2025-12-24 10:56:26,774 DEBUG ENABLE_PASSWORD_RESET=False
2025-12-24 10:56:27,832 DEBUG Starting app.py
2025-12-24 10:56:27,832 DEBUG Starting app.py
2025-12-24 10:56:27,832 DEBUG Initial session_state keys: ['user_data', 'token', 'btn_assistant', 'gallery_state', 'btn_proje_analiz', 'btn_b2c', 'page', 'btn_admin', 'authenticated', 'btn_organization', 'btn_dashboard', 'leave_data', 'chat_history']
2025-12-24 10:56:27,832 DEBUG Initial session_state keys: ['user_data', 'token', 'btn_assistant', 'gallery_state', 'btn_proje_analiz', 'btn_b2c', 'page', 'btn_admin', 'authenticated', 'btn_organization', 'btn_dashboard', 'leave_data', 'chat_history']
2025-12-24 10:56:27,832 DEBUG Initial query_params: {}
2025-12-24 10:56:27,832 DEBUG Initial query_params: {}
2025-12-24 10:56:27,839 DEBUG ENABLE_PASSWORD_RESET=False
2025-12-24 10:56:27,839 DEBUG ENABLE_PASSWORD_RESET=False
2025-12-24 10:56:27,940 DEBUG Starting app.py
2025-12-24 10:56:27,940 DEBUG Starting app.py
2025-12-24 10:56:27,940 DEBUG Initial session_state keys: ['user_data', 'token', 'btn_assistant', 'gallery_state', 'btn_proje_analiz', 'btn_b2c', 'page', 'authenticated', 'btn_organization', 'btn_dashboard', 'leave_data', 'chat_history']
2025-12-24 10:56:27,940 DEBUG Initial session_state keys: ['user_data', 'token', 'btn_assistant', 'gallery_state', 'btn_proje_analiz', 'btn_b2c', 'page', 'authenticated', 'btn_organization', 'btn_dashboard', 'leave_data', 'chat_history']
2025-12-24 10:56:27,940 DEBUG Initial query_params: {}
2025-12-24 10:56:27,940 DEBUG Initial query_params: {}
2025-12-24 10:56:27,940 DEBUG ENABLE_PASSWORD_RESET=False
2025-12-24 10:56:27,940 DEBUG ENABLE_PASSWORD_RESET=False
2025-12-24 11:03:46,159 DEBUG Starting app.py
2025-12-24 11:03:46,159 DEBUG Starting app.py
2025-12-24 11:03:46,159 DEBUG Initial session_state keys: []
2025-12-24 11:03:46,159 DEBUG Initial session_state keys: []
2025-12-24 11:03:46,159 DEBUG Initial query_params: {}
2025-12-24 11:03:46,159 DEBUG Initial query_params: {}
2025-12-24 11:03:46,159 DEBUG ENABLE_PASSWORD_RESET=False
2025-12-24 11:03:46,159 DEBUG ENABLE_PASSWORD_RESET=False
2025-12-24 11:03:51,413 DEBUG Starting app.py
2025-12-24 11:03:51,413 DEBUG Starting app.py
2025-12-24 11:03:51,419 DEBUG Initial session_state keys: ['user_data', 'token', 'login_email', 'gallery_state', 'page', 'login_password', 'authenticated', 'login_btn', 'leave_data', 'chat_history']
2025-12-24 11:03:51,419 DEBUG Initial session_state keys: ['user_data', 'token', 'login_email', 'gallery_state', 'page', 'login_password', 'authenticated', 'login_btn', 'leave_data', 'chat_history']
2025-12-24 11:03:51,422 DEBUG Initial query_params: {}
2025-12-24 11:03:51,422 DEBUG Initial query_params: {}
2025-12-24 11:03:51,423 DEBUG ENABLE_PASSWORD_RESET=False
2025-12-24 11:03:51,423 DEBUG ENABLE_PASSWORD_RESET=False
2025-12-24 11:04:00,460 DEBUG Starting app.py
2025-12-24 11:04:00,460 DEBUG Starting app.py
2025-12-24 11:04:00,460 DEBUG Initial session_state keys: ['user_data', 'token', 'login_email', 'gallery_state', 'page', 'login_password', 'authenticated', 'login_btn', 'leave_data', 'chat_history']
2025-12-24 11:04:00,460 DEBUG Initial session_state keys: ['user_data', 'token', 'login_email', 'gallery_state', 'page', 'login_password', 'authenticated', 'login_btn', 'leave_data', 'chat_history']
2025-12-24 11:04:00,460 DEBUG Initial query_params: {}
2025-12-24 11:04:00,460 DEBUG Initial query_params: {}
2025-12-24 11:04:00,465 DEBUG ENABLE_PASSWORD_RESET=False
2025-12-24 11:04:00,465 DEBUG ENABLE_PASSWORD_RESET=False
2025-12-24 11:04:00,608 DEBUG Starting app.py
2025-12-24 11:04:00,608 DEBUG Starting app.py
2025-12-24 11:04:00,608 DEBUG Initial session_state keys: ['user_data', 'token', 'login_email', 'gallery_state', 'page', 'login_password', 'authenticated', 'login_btn', 'leave_data', 'chat_history']
2025-12-24 11:04:00,608 DEBUG Initial session_state keys: ['user_data', 'token', 'login_email', 'gallery_state', 'page', 'login_password', 'authenticated', 'login_btn', 'leave_data', 'chat_history']
2025-12-24 11:04:00,608 DEBUG Initial query_params: {}
2025-12-24 11:04:00,608 DEBUG Initial query_params: {}
2025-12-24 11:04:00,608 DEBUG ENABLE_PASSWORD_RESET=False
2025-12-24 11:04:00,608 DEBUG ENABLE_PASSWORD_RESET=False
2025-12-24 11:04:00,632 DEBUG Saving users.json with 4 users
2025-12-24 11:04:00,632 DEBUG Saving users.json with 4 users
2025-12-24 11:04:00,637 DEBUG users.json saved
2025-12-24 11:04:00,637 DEBUG users.json saved
2025-12-24 11:04:00,772 DEBUG Starting app.py
2025-12-24 11:04:00,772 DEBUG Starting app.py
2025-12-24 11:04:00,776 DEBUG Initial session_state keys: ['user_data', 'token', 'login_email', 'gallery_state', 'page', 'login_password', 'authenticated', 'login_btn', 'leave_data', 'chat_history']
2025-12-24 11:04:00,776 DEBUG Initial session_state keys: ['user_data', 'token', 'login_email', 'gallery_state', 'page', 'login_password', 'authenticated', 'login_btn', 'leave_data', 'chat_history']
2025-12-24 11:04:00,777 DEBUG Initial query_params: {}
2025-12-24 11:04:00,777 DEBUG Initial query_params: {}
2025-12-24 11:04:00,777 DEBUG ENABLE_PASSWORD_RESET=False
2025-12-24 11:04:00,777 DEBUG ENABLE_PASSWORD_RESET=False
2025-12-24 11:04:02,780 DEBUG Starting app.py
2025-12-24 11:04:02,780 DEBUG Starting app.py
2025-12-24 11:04:02,780 DEBUG Initial session_state keys: ['user_data', 'token', 'btn_assistant', 'gallery_state', 'btn_proje_analiz', 'btn_b2c', 'page', 'btn_admin', 'authenticated', 'btn_organization', 'btn_dashboard', 'leave_data', 'chat_history']
2025-12-24 11:04:02,780 DEBUG Initial session_state keys: ['user_data', 'token', 'btn_assistant', 'gallery_state', 'btn_proje_analiz', 'btn_b2c', 'page', 'btn_admin', 'authenticated', 'btn_organization', 'btn_dashboard', 'leave_data', 'chat_history']
2025-12-24 11:04:02,780 DEBUG Initial query_params: {}
2025-12-24 11:04:02,780 DEBUG Initial query_params: {}
2025-12-24 11:04:02,780 DEBUG ENABLE_PASSWORD_RESET=False
2025-12-24 11:04:02,780 DEBUG ENABLE_PASSWORD_RESET=False
2025-12-24 11:04:02,941 DEBUG Starting app.py
2025-12-24 11:04:02,941 DEBUG Starting app.py
2025-12-24 11:04:02,956 DEBUG Initial session_state keys: ['user_data', 'token', 'btn_assistant', 'gallery_state', 'btn_proje_analiz', 'btn_b2c', 'page', 'authenticated', 'btn_organization', 'btn_dashboard', 'leave_data', 'chat_history']
2025-12-24 11:04:02,956 DEBUG Initial session_state keys: ['user_data', 'token', 'btn_assistant', 'gallery_state', 'btn_proje_analiz', 'btn_b2c', 'page', 'authenticated', 'btn_organization', 'btn_dashboard', 'leave_data', 'chat_history']
2025-12-24 11:04:02,957 DEBUG Initial query_params: {}
2025-12-24 11:04:02,957 DEBUG Initial query_params: {}
2025-12-24 11:04:02,957 DEBUG ENABLE_PASSWORD_RESET=False
2025-12-24 11:04:02,957 DEBUG ENABLE_PASSWORD_RESET=False
2025-12-24 11:04:06,308 DEBUG Starting app.py
2025-12-24 11:04:06,308 DEBUG Starting app.py
2025-12-24 11:04:06,308 DEBUG Initial session_state keys: ['user_data', 'token', 'back_from_proje_analiz', 'gallery_state', 'page', 'authenticated', 'analysis_data', 'leave_data', 'refresh_analysis', 'last_update', 'chat_history']
2025-12-24 11:04:06,308 DEBUG Initial session_state keys: ['user_data', 'token', 'back_from_proje_analiz', 'gallery_state', 'page', 'authenticated', 'analysis_data', 'leave_data', 'refresh_analysis', 'last_update', 'chat_history']
2025-12-24 11:04:06,308 DEBUG Initial query_params: {}
2025-12-24 11:04:06,308 DEBUG Initial query_params: {}
2025-12-24 11:04:06,308 DEBUG ENABLE_PASSWORD_RESET=False
2025-12-24 11:04:06,308 DEBUG ENABLE_PASSWORD_RESET=False
2025-12-24 11:04:07,145 DEBUG Starting app.py
2025-12-24 11:04:07,145 DEBUG Starting app.py
2025-12-24 11:04:07,145 DEBUG Initial session_state keys: ['user_data', 'token', 'back_from_proje_analiz', 'gallery_state', 'page', 'authenticated', 'analysis_data', 'leave_data', 'refresh_analysis', 'last_update', 'chat_history']
2025-12-24 11:04:07,145 DEBUG Initial session_state keys: ['user_data', 'token', 'back_from_proje_analiz', 'gallery_state', 'page', 'authenticated', 'analysis_data', 'leave_data', 'refresh_analysis', 'last_update', 'chat_history']
2025-12-24 11:04:07,154 DEBUG Initial query_params: {}
2025-12-24 11:04:07,154 DEBUG Initial query_params: {}
2025-12-24 11:04:07,154 DEBUG ENABLE_PASSWORD_RESET=False
2025-12-24 11:04:07,154 DEBUG ENABLE_PASSWORD_RESET=False
2025-12-24 11:04:44,085 DEBUG Starting app.py
2025-12-24 11:04:44,085 DEBUG Starting app.py
2025-12-24 11:04:44,087 DEBUG Initial session_state keys: ['user_data', 'token', 'back_from_proje_analiz', 'gallery_state', 'page', 'authenticated', 'analysis_data', 'leave_data', 'refresh_analysis', 'last_update', 'chat_history']
2025-12-24 11:04:44,087 DEBUG Initial session_state keys: ['user_data', 'token', 'back_from_proje_analiz', 'gallery_state', 'page', 'authenticated', 'analysis_data', 'leave_data', 'refresh_analysis', 'last_update', 'chat_history']
2025-12-24 11:04:44,087 DEBUG Initial query_params: {}
2025-12-24 11:04:44,087 DEBUG Initial query_params: {}
2025-12-24 11:04:44,087 DEBUG ENABLE_PASSWORD_RESET=False
2025-12-24 11:04:44,087 DEBUG ENABLE_PASSWORD_RESET=False
2025-12-24 11:04:45,076 DEBUG Starting app.py
2025-12-24 11:04:45,076 DEBUG Starting app.py
2025-12-24 11:04:45,078 DEBUG Initial session_state keys: ['user_data', 'token', 'back_from_proje_analiz', 'gallery_state', 'page', 'authenticated', 'analysis_data', 'leave_data', 'refresh_analysis', 'last_update', 'chat_history']
2025-12-24 11:04:45,078 DEBUG Initial session_state keys: ['user_data', 'token', 'back_from_proje_analiz', 'gallery_state', 'page', 'authenticated', 'analysis_data', 'leave_data', 'refresh_analysis', 'last_update', 'chat_history']
2025-12-24 11:04:45,080 DEBUG Initial query_params: {}
2025-12-24 11:04:45,080 DEBUG Initial query_params: {}
2025-12-24 11:04:45,080 DEBUG ENABLE_PASSWORD_RESET=False
2025-12-24 11:04:45,080 DEBUG ENABLE_PASSWORD_RESET=False
2025-12-24 11:04:46,059 DEBUG Starting app.py
2025-12-24 11:04:46,059 DEBUG Starting app.py
2025-12-24 11:04:46,059 DEBUG Initial session_state keys: ['user_data', 'token', 'back_from_proje_analiz', 'gallery_state', 'page', 'authenticated', 'analysis_data', 'leave_data', 'refresh_analysis', 'last_update', 'chat_history']
2025-12-24 11:04:46,059 DEBUG Initial session_state keys: ['user_data', 'token', 'back_from_proje_analiz', 'gallery_state', 'page', 'authenticated', 'analysis_data', 'leave_data', 'refresh_analysis', 'last_update', 'chat_history']
2025-12-24 11:04:46,059 DEBUG Initial query_params: {}
2025-12-24 11:04:46,059 DEBUG Initial query_params: {}
2025-12-24 11:04:46,059 DEBUG ENABLE_PASSWORD_RESET=False
2025-12-24 11:04:46,059 DEBUG ENABLE_PASSWORD_RESET=False
2025-12-24 11:04:47,191 DEBUG Starting app.py
2025-12-24 11:04:47,191 DEBUG Starting app.py
2025-12-24 11:04:47,193 DEBUG Initial session_state keys: ['user_data', 'token', 'back_from_proje_analiz', 'gallery_state', 'page', 'authenticated', 'analysis_data', 'leave_data', 'refresh_analysis', 'last_update', 'chat_history']
2025-12-24 11:04:47,193 DEBUG Initial session_state keys: ['user_data', 'token', 'back_from_proje_analiz', 'gallery_state', 'page', 'authenticated', 'analysis_data', 'leave_data', 'refresh_analysis', 'last_update', 'chat_history']
2025-12-24 11:04:47,193 DEBUG Initial query_params: {}
2025-12-24 11:04:47,193 DEBUG Initial query_params: {}
2025-12-24 11:04:47,193 DEBUG ENABLE_PASSWORD_RESET=False
2025-12-24 11:04:47,193 DEBUG ENABLE_PASSWORD_RESET=False
2025-12-24 11:04:48,235 DEBUG Starting app.py
2025-12-24 11:04:48,235 DEBUG Starting app.py
2025-12-24 11:04:48,235 DEBUG Initial session_state keys: ['user_data', 'token', 'back_from_proje_analiz', 'gallery_state', 'page', 'authenticated', 'analysis_data', 'leave_data', 'refresh_analysis', 'last_update', 'chat_history']
2025-12-24 11:04:48,235 DEBUG Initial session_state keys: ['user_data', 'token', 'back_from_proje_analiz', 'gallery_state', 'page', 'authenticated', 'analysis_data', 'leave_data', 'refresh_analysis', 'last_update', 'chat_history']
2025-12-24 11:04:48,235 DEBUG Initial query_params: {}
2025-12-24 11:04:48,235 DEBUG Initial query_params: {}
2025-12-24 11:04:48,235 DEBUG ENABLE_PASSWORD_RESET=False
2025-12-24 11:04:48,235 DEBUG ENABLE_PASSWORD_RESET=False
2025-12-24 11:04:48,575 DEBUG Starting app.py
2025-12-24 11:04:48,575 DEBUG Starting app.py
2025-12-24 11:04:48,575 DEBUG Initial session_state keys: ['user_data', 'token', 'back_from_proje_analiz', 'gallery_state', 'page', 'authenticated', 'analysis_data', 'leave_data', 'refresh_analysis', 'last_update', 'chat_history']
2025-12-24 11:04:48,575 DEBUG Initial session_state keys: ['user_data', 'token', 'back_from_proje_analiz', 'gallery_state', 'page', 'authenticated', 'analysis_data', 'leave_data', 'refresh_analysis', 'last_update', 'chat_history']
2025-12-24 11:04:48,575 DEBUG Initial query_params: {}
2025-12-24 11:04:48,575 DEBUG Initial query_params: {}
2025-12-24 11:04:48,575 DEBUG ENABLE_PASSWORD_RESET=False
2025-12-24 11:04:48,575 DEBUG ENABLE_PASSWORD_RESET=False
2025-12-24 11:04:49,321 DEBUG Starting app.py
2025-12-24 11:04:49,321 DEBUG Starting app.py
2025-12-24 11:04:49,323 DEBUG Initial session_state keys: ['user_data', 'token', 'back_from_proje_analiz', 'gallery_state', 'page', 'authenticated', 'analysis_data', 'leave_data', 'refresh_analysis', 'last_update', 'chat_history']
2025-12-24 11:04:49,323 DEBUG Initial session_state keys: ['user_data', 'token', 'back_from_proje_analiz', 'gallery_state', 'page', 'authenticated', 'analysis_data', 'leave_data', 'refresh_analysis', 'last_update', 'chat_history']
2025-12-24 11:04:49,325 DEBUG Initial query_params: {}
2025-12-24 11:04:49,325 DEBUG Initial query_params: {}
2025-12-24 11:04:49,325 DEBUG ENABLE_PASSWORD_RESET=False
2025-12-24 11:04:49,325 DEBUG ENABLE_PASSWORD_RESET=False
2025-12-24 11:10:44,002 DEBUG Starting app.py
2025-12-24 11:10:44,002 DEBUG Starting app.py
2025-12-24 11:10:44,002 DEBUG Initial session_state keys: ['user_data', 'token', 'back_from_proje_analiz', 'gallery_state', 'page', 'authenticated', 'analysis_data', 'leave_data', 'refresh_analysis', 'last_update', 'chat_history']
2025-12-24 11:10:44,002 DEBUG Initial session_state keys: ['user_data', 'token', 'back_from_proje_analiz', 'gallery_state', 'page', 'authenticated', 'analysis_data', 'leave_data', 'refresh_analysis', 'last_update', 'chat_history']
2025-12-24 11:10:44,002 DEBUG Initial query_params: {}
2025-12-24 11:10:44,002 DEBUG Initial query_params: {}
2025-12-24 11:10:44,002 DEBUG ENABLE_PASSWORD_RESET=False
2025-12-24 11:10:44,002 DEBUG ENABLE_PASSWORD_RESET=False
2025-12-24 11:10:44,846 DEBUG Starting app.py
2025-12-24 11:10:44,846 DEBUG Starting app.py
2025-12-24 11:10:44,846 DEBUG Initial session_state keys: ['user_data', 'token', 'back_from_proje_analiz', 'gallery_state', 'page', 'authenticated', 'analysis_data', 'leave_data', 'refresh_analysis', 'last_update', 'chat_history']
2025-12-24 11:10:44,846 DEBUG Initial session_state keys: ['user_data', 'token', 'back_from_proje_analiz', 'gallery_state', 'page', 'authenticated', 'analysis_data', 'leave_data', 'refresh_analysis', 'last_update', 'chat_history']
2025-12-24 11:10:44,850 DEBUG Initial query_params: {}
2025-12-24 11:10:44,850 DEBUG Initial query_params: {}
2025-12-24 11:10:44,850 DEBUG ENABLE_PASSWORD_RESET=False
2025-12-24 11:10:44,850 DEBUG ENABLE_PASSWORD_RESET=False
2025-12-24 11:10:49,226 DEBUG Starting app.py
2025-12-24 11:10:49,226 DEBUG Starting app.py
2025-12-24 11:10:49,233 DEBUG Initial session_state keys: ['user_data', 'token', 'back_from_proje_analiz', 'gallery_state', 'page', 'authenticated', 'analysis_data', 'leave_data', 'refresh_analysis', 'last_update', 'chat_history']
2025-12-24 11:10:49,233 DEBUG Initial session_state keys: ['user_data', 'token', 'back_from_proje_analiz', 'gallery_state', 'page', 'authenticated', 'analysis_data', 'leave_data', 'refresh_analysis', 'last_update', 'chat_history']
2025-12-24 11:10:49,233 DEBUG Initial query_params: {}
2025-12-24 11:10:49,233 DEBUG Initial query_params: {}
2025-12-24 11:10:49,233 DEBUG ENABLE_PASSWORD_RESET=False
2025-12-24 11:10:49,233 DEBUG ENABLE_PASSWORD_RESET=False
2025-12-24 11:10:50,065 DEBUG Starting app.py
2025-12-24 11:10:50,065 DEBUG Starting app.py
2025-12-24 11:10:50,068 DEBUG Initial session_state keys: ['user_data', 'token', 'back_from_proje_analiz', 'gallery_state', 'page', 'authenticated', 'analysis_data', 'leave_data', 'refresh_analysis', 'last_update', 'chat_history']
2025-12-24 11:10:50,068 DEBUG Initial session_state keys: ['user_data', 'token', 'back_from_proje_analiz', 'gallery_state', 'page', 'authenticated', 'analysis_data', 'leave_data', 'refresh_analysis', 'last_update', 'chat_history']
2025-12-24 11:10:50,068 DEBUG Initial query_params: {}
2025-12-24 11:10:50,068 DEBUG Initial query_params: {}
2025-12-24 11:10:50,068 DEBUG ENABLE_PASSWORD_RESET=False
2025-12-24 11:10:50,068 DEBUG ENABLE_PASSWORD_RESET=False
2025-12-24 11:10:51,221 DEBUG Starting app.py
2025-12-24 11:10:51,221 DEBUG Starting app.py
2025-12-24 11:10:51,221 DEBUG Initial session_state keys: ['user_data', 'token', 'back_from_proje_analiz', 'gallery_state', 'page', 'authenticated', 'analysis_data', 'leave_data', 'refresh_analysis', 'last_update', 'chat_history']
2025-12-24 11:10:51,221 DEBUG Initial session_state keys: ['user_data', 'token', 'back_from_proje_analiz', 'gallery_state', 'page', 'authenticated', 'analysis_data', 'leave_data', 'refresh_analysis', 'last_update', 'chat_history']
2025-12-24 11:10:51,221 DEBUG Initial query_params: {}
2025-12-24 11:10:51,221 DEBUG Initial query_params: {}
2025-12-24 11:10:51,221 DEBUG ENABLE_PASSWORD_RESET=False
2025-12-24 11:10:51,221 DEBUG ENABLE_PASSWORD_RESET=False
2025-12-24 11:10:52,008 DEBUG Starting app.py
2025-12-24 11:10:52,008 DEBUG Starting app.py
2025-12-24 11:10:52,016 DEBUG Initial session_state keys: ['user_data', 'token', 'back_from_proje_analiz', 'gallery_state', 'page', 'authenticated', 'analysis_data', 'leave_data', 'refresh_analysis', 'last_update', 'chat_history']
2025-12-24 11:10:52,016 DEBUG Initial session_state keys: ['user_data', 'token', 'back_from_proje_analiz', 'gallery_state', 'page', 'authenticated', 'analysis_data', 'leave_data', 'refresh_analysis', 'last_update', 'chat_history']
2025-12-24 11:10:52,017 DEBUG Initial query_params: {}
2025-12-24 11:10:52,017 DEBUG Initial query_params: {}
2025-12-24 11:10:52,017 DEBUG ENABLE_PASSWORD_RESET=False
2025-12-24 11:10:52,017 DEBUG ENABLE_PASSWORD_RESET=False
2025-12-24 11:12:09,276 DEBUG Starting app.py
2025-12-24 11:12:09,276 DEBUG Initial session_state keys: []
2025-12-24 11:12:09,276 DEBUG Initial query_params: {}
2025-12-24 11:12:09,276 DEBUG ENABLE_PASSWORD_RESET=False
2025-12-24 11:12:28,913 DEBUG Starting app.py
2025-12-24 11:12:28,913 DEBUG Initial session_state keys: []
2025-12-24 11:12:28,929 DEBUG Initial query_params: {}
2025-12-24 11:12:28,929 DEBUG ENABLE_PASSWORD_RESET=False
2025-12-24 11:41:43,072 DEBUG Starting app.py
2025-12-24 11:41:43,074 DEBUG Initial session_state keys: []
2025-12-24 11:41:43,074 DEBUG Initial query_params: {}
2025-12-24 11:41:43,075 DEBUG ENABLE_PASSWORD_RESET=False
2025-12-24 11:42:01,335 DEBUG Starting app.py
2025-12-24 11:42:01,340 DEBUG Initial session_state keys: ['gallery_state', 'login_email', 'token', 'authenticated', 'login_btn', 'page', 'user_data', 'login_password', 'leave_data', 'chat_history']
2025-12-24 11:42:01,341 DEBUG Initial query_params: {}
2025-12-24 11:42:01,342 DEBUG ENABLE_PASSWORD_RESET=False
2025-12-24 11:42:07,960 DEBUG Starting app.py
2025-12-24 11:42:07,960 DEBUG Initial session_state keys: ['gallery_state', 'login_email', 'token', 'authenticated', 'login_btn', 'page', 'user_data', 'login_password', 'leave_data', 'chat_history']
2025-12-24 11:42:07,960 DEBUG Initial query_params: {}
2025-12-24 11:42:07,960 DEBUG ENABLE_PASSWORD_RESET=False
2025-12-24 11:42:11,344 DEBUG Starting app.py
2025-12-24 11:42:11,344 DEBUG Initial session_state keys: ['gallery_state', 'login_email', 'token', 'authenticated', 'login_btn', 'page', 'user_data', 'login_password', 'leave_data', 'chat_history']
2025-12-24 11:42:11,347 DEBUG Initial query_params: {}
2025-12-24 11:42:11,347 DEBUG ENABLE_PASSWORD_RESET=False
2025-12-24 11:42:12,105 DEBUG Starting app.py
2025-12-24 11:42:12,108 DEBUG Initial session_state keys: ['gallery_state', 'login_email', 'token', 'authenticated', 'login_btn', 'page', 'user_data', 'login_password', 'leave_data', 'chat_history']
2025-12-24 11:42:12,108 DEBUG Initial query_params: {}
2025-12-24 11:42:12,108 DEBUG ENABLE_PASSWORD_RESET=False
2025-12-24 11:42:12,164 DEBUG Saving users.json with 4 users
2025-12-24 11:42:12,173 DEBUG users.json saved
2025-12-24 11:42:12,288 DEBUG Starting app.py
2025-12-24 11:42:12,297 DEBUG Initial session_state keys: ['gallery_state', 'login_email', 'token', 'authenticated', 'login_btn', 'page', 'user_data', 'login_password', 'leave_data', 'chat_history']
2025-12-24 11:42:12,299 DEBUG Initial query_params: {}
2025-12-24 11:42:12,299 DEBUG ENABLE_PASSWORD_RESET=False
2025-12-24 11:42:14,699 DEBUG Starting app.py
2025-12-24 11:42:14,699 DEBUG Initial session_state keys: ['gallery_state', 'btn_assistant', 'token', 'btn_admin', 'page', 'authenticated', 'user_data', 'btn_dashboard', 'btn_organization', 'leave_data', 'btn_proje_analiz', 'chat_history', 'btn_b2c']
2025-12-24 11:42:14,706 DEBUG Initial query_params: {}
2025-12-24 11:42:14,706 DEBUG ENABLE_PASSWORD_RESET=False
2025-12-24 11:42:14,841 DEBUG Starting app.py
2025-12-24 11:42:14,844 DEBUG Initial session_state keys: ['gallery_state', 'btn_assistant', 'token', 'page', 'authenticated', 'user_data', 'btn_dashboard', 'btn_organization', 'leave_data', 'btn_proje_analiz', 'chat_history', 'btn_b2c']
2025-12-24 11:42:14,844 DEBUG Initial query_params: {}
2025-12-24 11:42:14,844 DEBUG ENABLE_PASSWORD_RESET=False
2025-12-24 11:42:18,499 DEBUG Starting app.py
2025-12-24 11:42:18,499 DEBUG Initial session_state keys: ['gallery_state', 'back_from_proje_analiz', 'last_update', 'token', 'page', 'authenticated', 'user_data', 'refresh_analysis', 'leave_data', 'analysis_data', 'chat_history']
2025-12-24 11:42:18,499 DEBUG Initial query_params: {}
2025-12-24 11:42:18,499 DEBUG ENABLE_PASSWORD_RESET=False
2025-12-24 11:42:19,708 DEBUG Starting app.py
2025-12-24 11:42:19,708 DEBUG Initial session_state keys: ['gallery_state', 'back_from_proje_analiz', 'last_update', 'token', 'page', 'authenticated', 'user_data', 'refresh_analysis', 'leave_data', 'analysis_data', 'chat_history']
2025-12-24 11:42:19,708 DEBUG Initial query_params: {}
2025-12-24 11:42:19,719 DEBUG ENABLE_PASSWORD_RESET=False
2025-12-24 11:42:25,165 DEBUG Starting app.py
2025-12-24 11:42:25,173 DEBUG Initial session_state keys: ['gallery_state', 'back_from_proje_analiz', 'last_update', 'token', 'page', 'authenticated', 'user_data', 'refresh_analysis', 'leave_data', 'analysis_data', 'chat_history']
2025-12-24 11:42:25,173 DEBUG Initial query_params: {}
2025-12-24 11:42:25,173 DEBUG ENABLE_PASSWORD_RESET=False
2025-12-24 11:42:25,932 DEBUG Starting app.py
2025-12-24 11:42:25,936 DEBUG Initial session_state keys: ['gallery_state', 'back_from_proje_analiz', 'last_update', 'token', 'page', 'authenticated', 'user_data', 'refresh_analysis', 'leave_data', 'analysis_data', 'chat_history']
2025-12-24 11:42:25,936 DEBUG Initial query_params: {}
2025-12-24 11:42:25,936 DEBUG ENABLE_PASSWORD_RESET=False
2025-12-24 11:42:38,288 DEBUG Starting app.py
2025-12-24 11:42:38,293 DEBUG Initial session_state keys: ['gallery_state', 'back_from_proje_analiz', 'last_update', 'token', 'page', 'authenticated', 'user_data', 'refresh_analysis', 'leave_data', 'analysis_data', 'chat_history']
2025-12-24 11:42:38,293 DEBUG Initial query_params: {}
2025-12-24 11:42:38,293 DEBUG ENABLE_PASSWORD_RESET=False
2025-12-24 11:42:38,979 DEBUG Starting app.py
2025-12-24 11:42:38,979 DEBUG Initial session_state keys: ['gallery_state', 'back_from_proje_analiz', 'last_update', 'token', 'page', 'authenticated', 'user_data', 'refresh_analysis', 'leave_data', 'analysis_data', 'chat_history']
2025-12-24 11:42:38,979 DEBUG Initial query_params: {}
2025-12-24 11:42:38,979 DEBUG ENABLE_PASSWORD_RESET=False
2025-12-24 11:42:41,229 DEBUG Starting app.py
2025-12-24 11:42:41,229 DEBUG Initial session_state keys: ['gallery_state', 'back_from_proje_analiz', 'last_update', 'token', 'page', 'authenticated', 'user_data', 'refresh_analysis', 'leave_data', 'analysis_data', 'chat_history']
2025-12-24 11:42:41,229 DEBUG Initial query_params: {}
2025-12-24 11:42:41,229 DEBUG ENABLE_PASSWORD_RESET=False
2025-12-24 11:42:41,987 DEBUG Starting app.py
2025-12-24 11:42:41,987 DEBUG Initial session_state keys: ['gallery_state', 'back_from_proje_analiz', 'last_update', 'token', 'page', 'authenticated', 'user_data', 'refresh_analysis', 'leave_data', 'analysis_data', 'chat_history']
2025-12-24 11:42:41,989 DEBUG Initial query_params: {}
2025-12-24 11:42:41,994 DEBUG ENABLE_PASSWORD_RESET=False
2025-12-24 11:43:58,343 DEBUG Starting app.py
2025-12-24 11:43:58,344 DEBUG Initial session_state keys: ['gallery_state', 'back_from_proje_analiz', 'last_update', 'token', 'page', 'authenticated', 'user_data', 'refresh_analysis', 'leave_data', 'analysis_data', 'chat_history']
2025-12-24 11:43:58,344 DEBUG Initial query_params: {}
2025-12-24 11:43:58,344 DEBUG ENABLE_PASSWORD_RESET=False
2025-12-24 11:43:58,511 DEBUG Starting app.py
2025-12-24 11:43:58,514 DEBUG Initial session_state keys: ['gallery_state', 'back_from_proje_analiz', 'last_update', 'token', 'page', 'authenticated', 'user_data', 'leave_data', 'analysis_data', 'chat_history']
2025-12-24 11:43:58,516 DEBUG Initial query_params: {}
2025-12-24 11:43:58,516 DEBUG ENABLE_PASSWORD_RESET=False
2025-12-24 11:44:00,210 DEBUG Starting app.py
2025-12-24 11:44:00,217 DEBUG Initial session_state keys: ['gallery_state', 'token', 'page', 'btn_dashboard', 'btn_organization', 'leave_data', 'btn_b2c', 'btn_proje_analiz', 'last_update', 'btn_assistant', 'btn_admin', 'authenticated', 'user_data', 'analysis_data', 'chat_history']
2025-12-24 11:44:00,217 DEBUG Initial query_params: {}
2025-12-24 11:44:00,217 DEBUG ENABLE_PASSWORD_RESET=False
2025-12-24 11:44:00,347 DEBUG Starting app.py
2025-12-24 11:44:00,347 DEBUG Initial session_state keys: ['gallery_state', 'last_update', 'btn_assistant', 'token', 'page', 'authenticated', 'user_data', 'leave_data', 'analysis_data', 'chat_history']
2025-12-24 11:44:00,347 DEBUG Initial query_params: {}
2025-12-24 11:44:00,347 DEBUG ENABLE_PASSWORD_RESET=False
2025-12-24 11:44:02,861 DEBUG Starting app.py
2025-12-24 11:44:02,966 DEBUG Initial query_params: {}
2025-12-24 11:44:02,966 DEBUG ENABLE_PASSWORD_RESET=False
2025-12-24 11:44:03,111 DEBUG Starting app.py
2025-12-24 11:44:03,119 DEBUG Initial session_state keys: ['gallery_state', 'last_update', 'back_btn', 'token', 'page', 'authenticated', 'user_data', 'leave_data', 'analysis_data', 'chat_history']
2025-12-24 11:44:03,119 DEBUG Initial query_params: {}
2025-12-24 11:44:03,119 DEBUG ENABLE_PASSWORD_RESET=False
2025-12-24 11:44:08,384 DEBUG Starting app.py
2025-12-24 11:44:08,384 DEBUG Initial session_state keys: ['gallery_state', 'token', 'page', 'btn_dashboard', 'btn_organization', 'leave_data', 'btn_b2c', 'btn_proje_analiz', 'last_update', 'btn_assistant', 'btn_admin', 'authenticated', 'user_data', 'analysis_data', 'chat_history']
2025-12-24 11:44:08,384 DEBUG Initial query_params: {}
2025-12-24 11:44:08,384 DEBUG ENABLE_PASSWORD_RESET=False
2025-12-24 11:44:08,575 DEBUG Starting app.py
2025-12-24 11:44:08,578 DEBUG Initial session_state keys: ['gallery_state', 'token', 'page', 'btn_dashboard', 'btn_organization', 'leave_data', 'btn_b2c', 'btn_proje_analiz', 'last_update', 'btn_assistant', 'btn_admin', 'authenticated', 'user_data', 'analysis_data', 'chat_history']
2025-12-24 11:44:08,578 DEBUG Initial query_params: {}
2025-12-24 11:44:08,578 DEBUG ENABLE_PASSWORD_RESET=False
2025-12-24 11:44:15,457 DEBUG Starting app.py
2025-12-24 11:44:15,457 DEBUG Initial session_state keys: ['gallery_state', 'toggle_efirat@yatas.com', 'token', 'page', 'leave_data', 'FormSubmitter:add_user_form-Ekle', 'toggle_emrahfirat444@gmail.com', 'last_update', 'reset_demo@yatas.com', 'toggle_demo@yatas.com', 'authenticated', 'reset_admin@yatas.com', 'back_admin', 'user_data', 'reset_efirat@yatas.com', 'analysis_data', 'reset_emrahfirat444@gmail.com', 'chat_history', 'toggle_admin@yatas.com']
2025-12-24 11:44:15,457 DEBUG Initial query_params: {}
2025-12-24 11:44:15,457 DEBUG ENABLE_PASSWORD_RESET=False
2025-12-24 11:44:15,628 DEBUG Starting app.py
2025-12-24 11:44:15,629 DEBUG Initial session_state keys: ['gallery_state', 'last_update', 'token', 'page', 'authenticated', 'user_data', 'back_admin', 'leave_data', 'analysis_data', 'chat_history']
2025-12-24 11:44:15,629 DEBUG Initial query_params: {}
2025-12-24 11:44:15,629 DEBUG ENABLE_PASSWORD_RESET=False
2025-12-24 11:45:03,659 DEBUG Starting app.py
2025-12-24 11:45:03,659 DEBUG Initial session_state keys: []
2025-12-24 11:45:03,659 DEBUG Initial query_params: {}
2025-12-24 11:45:03,659 DEBUG ENABLE_PASSWORD_RESET=False
2025-12-24 11:45:09,733 DEBUG Starting app.py
2025-12-24 11:45:09,745 DEBUG Initial session_state keys: ['authenticated', 'gallery_state', 'token', 'leave_data', 'page', 'login_password', 'login_btn', 'user_data', 'login_email', 'chat_history']
2025-12-24 11:45:09,745 DEBUG Initial query_params: {}
2025-12-24 11:45:09,747 DEBUG ENABLE_PASSWORD_RESET=False
2025-12-24 11:45:11,145 DEBUG Starting app.py
2025-12-24 11:45:11,147 DEBUG Initial session_state keys: ['authenticated', 'gallery_state', 'token', 'leave_data', 'page', 'login_password', 'login_btn', 'user_data', 'login_email', 'chat_history']
2025-12-24 11:45:11,147 DEBUG Initial query_params: {}
2025-12-24 11:45:11,147 DEBUG ENABLE_PASSWORD_RESET=False
2025-12-24 11:45:14,567 DEBUG Starting app.py
2025-12-24 11:45:14,567 DEBUG Initial session_state keys: ['authenticated', 'gallery_state', 'token', 'leave_data', 'page', 'login_password', 'login_btn', 'user_data', 'login_email', 'chat_history']
2025-12-24 11:45:14,567 DEBUG Initial query_params: {}
2025-12-24 11:45:14,567 DEBUG ENABLE_PASSWORD_RESET=False
2025-12-24 11:45:27,997 DEBUG Starting app.py
2025-12-24 11:45:28,002 DEBUG Initial session_state keys: ['authenticated', 'gallery_state', 'token', 'leave_data', 'page', 'login_password', 'login_btn', 'user_data', 'login_email', 'chat_history']
2025-12-24 11:45:28,002 DEBUG Initial query_params: {}
2025-12-24 11:45:28,002 DEBUG ENABLE_PASSWORD_RESET=False
2025-12-24 11:45:28,143 DEBUG Starting app.py
2025-12-24 11:45:28,143 DEBUG Initial session_state keys: ['authenticated', 'gallery_state', 'token', 'leave_data', 'page', 'login_password', 'login_btn', 'user_data', 'login_email', 'chat_history']
2025-12-24 11:45:28,143 DEBUG Initial query_params: {}
2025-12-24 11:45:28,143 DEBUG ENABLE_PASSWORD_RESET=False
2025-12-24 11:45:28,214 DEBUG Saving users.json with 4 users
2025-12-24 11:45:28,214 DEBUG users.json saved
2025-12-24 11:45:28,302 DEBUG Starting app.py
2025-12-24 11:45:28,306 DEBUG Initial session_state keys: ['authenticated', 'gallery_state', 'token', 'leave_data', 'page', 'login_password', 'login_btn', 'user_data', 'login_email', 'chat_history']
2025-12-24 11:45:28,309 DEBUG Initial query_params: {}
2025-12-24 11:45:28,310 DEBUG ENABLE_PASSWORD_RESET=False
2025-12-24 11:45:32,561 DEBUG Starting app.py
2025-12-24 11:45:32,561 DEBUG Initial session_state keys: ['authenticated', 'btn_organization', 'gallery_state', 'btn_dashboard', 'token', 'leave_data', 'btn_proje_analiz', 'page', 'btn_assistant', 'user_data', 'btn_b2c', 'chat_history', 'btn_admin']
2025-12-24 11:45:32,561 DEBUG Initial query_params: {}
2025-12-24 11:45:32,561 DEBUG ENABLE_PASSWORD_RESET=False
2025-12-24 11:45:32,709 DEBUG Starting app.py
2025-12-24 11:45:32,709 DEBUG Initial session_state keys: ['authenticated', 'btn_organization', 'gallery_state', 'btn_dashboard', 'token', 'leave_data', 'btn_proje_analiz', 'page', 'btn_assistant', 'user_data', 'btn_b2c', 'chat_history']
2025-12-24 11:45:32,709 DEBUG Initial query_params: {}
2025-12-24 11:45:32,709 DEBUG ENABLE_PASSWORD_RESET=False
2025-12-24 11:46:02,177 DEBUG Starting app.py
2025-12-24 11:46:02,179 DEBUG Initial session_state keys: ['authenticated', 'gallery_state', 'back_from_proje_analiz', 'analysis_data', 'token', 'leave_data', 'page', 'last_update', 'refresh_analysis', 'user_data', 'chat_history']
2025-12-24 11:46:02,179 DEBUG Initial query_params: {}
2025-12-24 11:46:02,179 DEBUG ENABLE_PASSWORD_RESET=False
2025-12-24 11:46:03,280 DEBUG Starting app.py
2025-12-24 11:46:03,280 DEBUG Initial session_state keys: ['authenticated', 'gallery_state', 'back_from_proje_analiz', 'analysis_data', 'token', 'leave_data', 'page', 'last_update', 'refresh_analysis', 'user_data', 'chat_history']
2025-12-24 11:46:03,280 DEBUG Initial query_params: {}
2025-12-24 11:46:03,280 DEBUG ENABLE_PASSWORD_RESET=False
2025-12-24 12:07:11,858 DEBUG Starting app.py
2025-12-24 12:07:11,870 DEBUG Initial session_state keys: []
2025-12-24 12:07:11,871 DEBUG Initial query_params: {}
2025-12-24 12:07:11,872 DEBUG ENABLE_PASSWORD_RESET=False
2025-12-24 12:07:23,459 DEBUG Starting app.py
2025-12-24 12:07:23,461 DEBUG Initial session_state keys: ['authenticated', 'login_btn', 'login_email', 'token', 'leave_data', 'chat_history', 'page', 'login_password', 'gallery_state', 'user_data']
2025-12-24 12:07:23,461 DEBUG Initial query_params: {}
2025-12-24 12:07:23,462 DEBUG ENABLE_PASSWORD_RESET=False
2025-12-24 12:07:23,565 DEBUG Starting app.py
2025-12-24 12:07:23,568 DEBUG Initial session_state keys: ['authenticated', 'login_btn', 'login_email', 'token', 'leave_data', 'chat_history', 'page', 'login_password', 'gallery_state', 'user_data']
2025-12-24 12:07:23,571 DEBUG Initial query_params: {}
2025-12-24 12:07:23,571 DEBUG ENABLE_PASSWORD_RESET=False
2025-12-24 12:07:29,196 DEBUG Starting app.py
2025-12-24 12:07:29,202 DEBUG Initial session_state keys: ['authenticated', 'login_btn', 'login_email', 'token', 'leave_data', 'chat_history', 'page', 'login_password', 'gallery_state', 'user_data']
2025-12-24 12:07:29,203 DEBUG Initial query_params: {}
2025-12-24 12:07:29,203 DEBUG ENABLE_PASSWORD_RESET=False
2025-12-24 12:07:31,544 DEBUG Starting app.py
2025-12-24 12:07:31,544 DEBUG Initial session_state keys: ['authenticated', 'login_btn', 'login_email', 'token', 'leave_data', 'chat_history', 'page', 'login_password', 'gallery_state', 'user_data']
2025-12-24 12:07:31,544 DEBUG Initial query_params: {}
2025-12-24 12:07:31,544 DEBUG ENABLE_PASSWORD_RESET=False
2025-12-24 12:07:35,751 DEBUG Starting app.py
2025-12-24 12:07:35,755 DEBUG Initial session_state keys: ['authenticated', 'login_btn', 'login_email', 'token', 'leave_data', 'chat_history', 'page', 'login_password', 'gallery_state', 'user_data']
2025-12-24 12:07:35,755 DEBUG Initial query_params: {}
2025-12-24 12:07:35,755 DEBUG ENABLE_PASSWORD_RESET=False
2025-12-24 12:07:58,705 DEBUG Starting app.py
2025-12-24 12:07:58,719 DEBUG Initial session_state keys: ['authenticated', 'login_btn', 'login_email', 'token', 'leave_data', 'chat_history', 'page', 'login_password', 'gallery_state', 'user_data']
2025-12-24 12:07:58,719 DEBUG Initial query_params: {}
2025-12-24 12:07:58,719 DEBUG ENABLE_PASSWORD_RESET=False
2025-12-24 12:07:58,800 DEBUG Saving users.json with 4 users
2025-12-24 12:07:58,804 DEBUG users.json saved
2025-12-24 12:07:58,886 DEBUG Starting app.py
2025-12-24 12:07:58,886 DEBUG Initial session_state keys: ['authenticated', 'login_btn', 'login_email', 'token', 'leave_data', 'chat_history', 'page', 'login_password', 'gallery_state', 'user_data']
2025-12-24 12:07:58,886 DEBUG Initial query_params: {}
2025-12-24 12:07:58,886 DEBUG ENABLE_PASSWORD_RESET=False
2025-12-24 12:08:03,182 DEBUG Starting app.py
2025-12-24 12:08:03,182 DEBUG Initial session_state keys: ['btn_b2c', 'authenticated', 'btn_proje_analiz', 'chat_history', 'token', 'leave_data', 'btn_admin', 'btn_dashboard', 'page', 'gallery_state', 'user_data', 'btn_assistant', 'btn_organization']
2025-12-24 12:08:03,182 DEBUG Initial query_params: {}
2025-12-24 12:08:03,182 DEBUG ENABLE_PASSWORD_RESET=False
2025-12-24 12:08:03,300 DEBUG Starting app.py
2025-12-24 12:08:03,300 DEBUG Initial session_state keys: ['btn_b2c', 'authenticated', 'btn_proje_analiz', 'chat_history', 'token', 'leave_data', 'btn_dashboard', 'page', 'gallery_state', 'user_data', 'btn_assistant', 'btn_organization']
2025-12-24 12:08:03,300 DEBUG Initial query_params: {}
2025-12-24 12:08:03,300 DEBUG ENABLE_PASSWORD_RESET=False
2025-12-24 12:09:10,474 DEBUG Starting app.py
2025-12-24 12:09:10,474 DEBUG Initial session_state keys: ['authenticated', 'analysis_data', 'chat_history', 'token', 'leave_data', 'last_update', 'page', 'gallery_state', 'user_data', 'back_from_proje_analiz', 'refresh_analysis']
2025-12-24 12:09:10,474 DEBUG Initial query_params: {}
2025-12-24 12:09:10,474 DEBUG ENABLE_PASSWORD_RESET=False
2025-12-24 12:09:11,873 DEBUG Starting app.py
2025-12-24 12:09:11,873 DEBUG Initial session_state keys: ['authenticated', 'analysis_data', 'chat_history', 'token', 'leave_data', 'last_update', 'page', 'gallery_state', 'user_data', 'back_from_proje_analiz', 'refresh_analysis']
2025-12-24 12:09:11,873 DEBUG Initial query_params: {}
2025-12-24 12:09:11,873 DEBUG ENABLE_PASSWORD_RESET=False
2025-12-24 12:48:11,349 DEBUG Starting app.py
2025-12-24 12:48:11,349 DEBUG Initial session_state keys: []
2025-12-24 12:48:11,349 DEBUG Initial query_params: {}
2025-12-24 12:48:11,349 DEBUG ENABLE_PASSWORD_RESET=False
2025-12-24 12:48:21,516 DEBUG Starting app.py
2025-12-24 12:48:21,528 DEBUG Initial session_state keys: ['login_email', 'chat_history', 'leave_data', 'token', 'page', 'gallery_state', 'user_data', 'authenticated', 'login_btn', 'login_password']
2025-12-24 12:48:21,528 DEBUG Initial query_params: {}
2025-12-24 12:48:21,528 DEBUG ENABLE_PASSWORD_RESET=False
2025-12-24 12:48:27,625 DEBUG Starting app.py
2025-12-24 12:48:27,625 DEBUG Initial session_state keys: ['login_email', 'chat_history', 'leave_data', 'token', 'page', 'gallery_state', 'user_data', 'authenticated', 'login_btn', 'login_password']
2025-12-24 12:48:27,625 DEBUG Initial query_params: {}
2025-12-24 12:48:27,625 DEBUG ENABLE_PASSWORD_RESET=False
2025-12-24 12:48:27,719 DEBUG Starting app.py
2025-12-24 12:48:27,719 DEBUG Initial session_state keys: ['login_email', 'chat_history', 'leave_data', 'token', 'page', 'gallery_state', 'user_data', 'authenticated', 'login_btn', 'login_password']
2025-12-24 12:48:27,719 DEBUG Initial query_params: {}
2025-12-24 12:48:27,719 DEBUG ENABLE_PASSWORD_RESET=False
2025-12-24 12:48:31,475 DEBUG Starting app.py
2025-12-24 12:48:31,475 DEBUG Initial session_state keys: ['login_email', 'chat_history', 'leave_data', 'token', 'page', 'gallery_state', 'user_data', 'authenticated', 'login_btn', 'login_password']
2025-12-24 12:48:31,475 DEBUG Initial query_params: {}
2025-12-24 12:48:31,475 DEBUG ENABLE_PASSWORD_RESET=False
2025-12-24 12:48:31,577 DEBUG Starting app.py
2025-12-24 12:48:31,583 DEBUG Initial session_state keys: ['login_email', 'chat_history', 'leave_data', 'token', 'page', 'gallery_state', 'user_data', 'authenticated', 'login_btn', 'login_password']
2025-12-24 12:48:31,583 DEBUG Initial query_params: {}
2025-12-24 12:48:31,583 DEBUG ENABLE_PASSWORD_RESET=False
2025-12-24 12:48:31,583 DEBUG Saving users.json with 4 users
2025-12-24 12:48:31,583 DEBUG users.json saved
2025-12-24 12:48:31,646 DEBUG Starting app.py
2025-12-24 12:48:31,647 DEBUG Initial session_state keys: ['login_email', 'chat_history', 'leave_data', 'token', 'page', 'gallery_state', 'user_data', 'authenticated', 'login_btn', 'login_password']
2025-12-24 12:48:31,647 DEBUG Initial query_params: {}
2025-12-24 12:48:31,647 DEBUG ENABLE_PASSWORD_RESET=False
2025-12-24 12:48:32,915 DEBUG Starting app.py
2025-12-24 12:48:32,917 DEBUG Initial session_state keys: ['btn_admin', 'btn_assistant', 'chat_history', 'leave_data', 'btn_proje_analiz', 'token', 'page', 'gallery_state', 'user_data', 'authenticated', 'btn_organization', 'btn_dashboard', 'btn_b2c']
2025-12-24 12:48:32,917 DEBUG Initial query_params: {}
2025-12-24 12:48:32,917 DEBUG ENABLE_PASSWORD_RESET=False
2025-12-24 12:48:32,999 DEBUG Starting app.py
2025-12-24 12:48:33,001 DEBUG Initial session_state keys: ['btn_assistant', 'chat_history', 'leave_data', 'btn_proje_analiz', 'token', 'page', 'gallery_state', 'user_data', 'authenticated', 'btn_organization', 'btn_dashboard', 'btn_b2c']
2025-12-24 12:48:33,001 DEBUG Initial query_params: {}
2025-12-24 12:48:33,001 DEBUG ENABLE_PASSWORD_RESET=False
2025-12-24 13:46:16,144 DEBUG Starting app.py
2025-12-24 13:46:16,146 DEBUG Initial session_state keys: []
2025-12-24 13:46:16,146 DEBUG Initial query_params: {}
2025-12-24 13:46:16,146 DEBUG ENABLE_PASSWORD_RESET=False
2025-12-24 13:46:47,681 DEBUG Starting app.py
2025-12-24 13:46:47,681 DEBUG Initial session_state keys: []
2025-12-24 13:46:47,681 DEBUG Initial query_params: {}
2025-12-24 13:46:47,681 DEBUG ENABLE_PASSWORD_RESET=False
2025-12-24 13:46:50,989 DEBUG Starting app.py
2025-12-24 13:46:50,990 DEBUG Initial session_state keys: ['user_data', 'authenticated', 'leave_data', 'token', 'login_btn', 'chat_history', 'page', 'login_password', 'login_email', 'gallery_state']
2025-12-24 13:46:50,992 DEBUG Initial query_params: {}
2025-12-24 13:46:50,992 DEBUG ENABLE_PASSWORD_RESET=False
2025-12-24 13:46:57,772 DEBUG Starting app.py
2025-12-24 13:46:57,772 DEBUG Initial session_state keys: ['user_data', 'authenticated', 'leave_data', 'token', 'login_btn', 'chat_history', 'page', 'login_password', 'login_email', 'gallery_state']
2025-12-24 13:46:57,772 DEBUG Initial query_params: {}
2025-12-24 13:46:57,772 DEBUG ENABLE_PASSWORD_RESET=False
2025-12-24 13:46:57,855 DEBUG Starting app.py
2025-12-24 13:46:57,855 DEBUG Initial session_state keys: ['user_data', 'authenticated', 'leave_data', 'token', 'login_btn', 'chat_history', 'page', 'login_password', 'login_email', 'gallery_state']
2025-12-24 13:46:57,855 DEBUG Initial query_params: {}
2025-12-24 13:46:57,855 DEBUG ENABLE_PASSWORD_RESET=False
2025-12-24 13:46:57,922 DEBUG Saving users.json with 4 users
2025-12-24 13:46:57,924 DEBUG users.json saved
2025-12-24 13:46:57,995 DEBUG Starting app.py
2025-12-24 13:46:57,996 DEBUG Initial session_state keys: ['user_data', 'authenticated', 'leave_data', 'token', 'login_btn', 'chat_history', 'page', 'login_password', 'login_email', 'gallery_state']
2025-12-24 13:46:57,997 DEBUG Initial query_params: {}
2025-12-24 13:46:57,997 DEBUG ENABLE_PASSWORD_RESET=False
2025-12-24 13:46:59,283 DEBUG Starting app.py
2025-12-24 13:46:59,283 DEBUG Initial session_state keys: ['user_data', 'authenticated', 'leave_data', 'token', 'btn_organization', 'btn_assistant', 'chat_history', 'page', 'btn_dashboard', 'btn_proje_analiz', 'btn_admin', 'gallery_state', 'btn_b2c']
2025-12-24 13:46:59,283 DEBUG Initial query_params: {}
2025-12-24 13:46:59,283 DEBUG ENABLE_PASSWORD_RESET=False
2025-12-24 13:46:59,371 DEBUG Starting app.py
2025-12-24 13:46:59,372 DEBUG Initial session_state keys: ['user_data', 'authenticated', 'leave_data', 'token', 'btn_organization', 'btn_assistant', 'chat_history', 'page', 'btn_dashboard', 'btn_proje_analiz', 'gallery_state', 'btn_b2c']
2025-12-24 13:46:59,372 DEBUG Initial query_params: {}
2025-12-24 13:46:59,373 DEBUG ENABLE_PASSWORD_RESET=False
2025-12-24 16:58:51,373 DEBUG Starting app.py
2025-12-24 16:58:51,373 DEBUG Initial session_state keys: []
2025-12-24 16:58:51,382 DEBUG Initial query_params: {}
2025-12-24 16:58:51,382 DEBUG ENABLE_PASSWORD_RESET=False
2025-12-24 16:59:02,289 DEBUG Starting app.py
2025-12-24 16:59:02,295 DEBUG Initial session_state keys: ['user_data', 'token', 'page', 'leave_data', 'login_btn', 'login_email', 'login_password', 'authenticated', 'gallery_state', 'chat_history']
2025-12-24 16:59:02,295 DEBUG Initial query_params: {}
2025-12-24 16:59:02,295 DEBUG ENABLE_PASSWORD_RESET=False
2025-12-24 16:59:02,434 DEBUG Starting app.py
2025-12-24 16:59:02,434 DEBUG Initial session_state keys: ['user_data', 'token', 'page', 'leave_data', 'login_btn', 'login_email', 'login_password', 'authenticated', 'gallery_state', 'chat_history']
2025-12-24 16:59:02,434 DEBUG Initial query_params: {}
2025-12-24 16:59:02,434 DEBUG ENABLE_PASSWORD_RESET=False
2025-12-24 16:59:15,794 DEBUG Starting app.py
2025-12-24 16:59:15,795 DEBUG Initial session_state keys: ['user_data', 'token', 'page', 'leave_data', 'login_btn', 'login_email', 'login_password', 'authenticated', 'gallery_state', 'chat_history']
2025-12-24 16:59:15,796 DEBUG Initial query_params: {}
2025-12-24 16:59:15,796 DEBUG ENABLE_PASSWORD_RESET=False
2025-12-24 16:59:19,550 DEBUG Starting app.py
2025-12-24 16:59:19,550 DEBUG Initial session_state keys: ['user_data', 'token', 'page', 'leave_data', 'login_btn', 'login_email', 'login_password', 'authenticated', 'gallery_state', 'chat_history']
2025-12-24 16:59:19,550 DEBUG Initial query_params: {}
2025-12-24 16:59:19,550 DEBUG ENABLE_PASSWORD_RESET=False
2025-12-24 17:02:23,842 DEBUG Starting app.py
2025-12-24 17:02:23,845 DEBUG Initial session_state keys: []
2025-12-24 17:02:23,845 DEBUG Initial query_params: {}
2025-12-24 17:02:23,845 DEBUG ENABLE_PASSWORD_RESET=False
2025-12-24 17:02:33,033 DEBUG Starting app.py
2025-12-24 17:02:33,039 DEBUG Initial session_state keys: ['user_data', 'token', 'page', 'leave_data', 'login_btn', 'login_email', 'login_password', 'authenticated', 'gallery_state', 'chat_history']
2025-12-24 17:02:33,039 DEBUG Initial query_params: {}
2025-12-24 17:02:33,039 DEBUG ENABLE_PASSWORD_RESET=False
2025-12-24 17:02:38,036 DEBUG Starting app.py
2025-12-24 17:02:38,038 DEBUG Initial session_state keys: ['user_data', 'token', 'page', 'leave_data', 'login_btn', 'login_email', 'login_password', 'authenticated', 'gallery_state', 'chat_history']
2025-12-24 17:02:38,040 DEBUG Initial query_params: {}
2025-12-24 17:02:38,040 DEBUG ENABLE_PASSWORD_RESET=False
2025-12-24 17:02:38,148 DEBUG Starting app.py
2025-12-24 17:02:38,152 DEBUG Initial session_state keys: ['user_data', 'token', 'page', 'leave_data', 'login_btn', 'login_email', 'login_password', 'authenticated', 'gallery_state', 'chat_history']
2025-12-24 17:02:38,152 DEBUG Initial query_params: {}
2025-12-24 17:02:38,152 DEBUG ENABLE_PASSWORD_RESET=False
2025-12-24 17:02:38,270 DEBUG Saving users.json with 4 users
2025-12-24 17:02:38,276 DEBUG users.json saved
2025-12-24 17:02:38,363 DEBUG Starting app.py
2025-12-24 17:02:38,367 DEBUG Initial session_state keys: ['user_data', 'token', 'page', 'leave_data', 'login_btn', 'login_email', 'login_password', 'authenticated', 'gallery_state', 'chat_history']
2025-12-24 17:02:38,367 DEBUG Initial query_params: {}
2025-12-24 17:02:38,367 DEBUG ENABLE_PASSWORD_RESET=False
2025-12-24 17:02:40,500 DEBUG Starting app.py
2025-12-24 17:02:40,500 DEBUG Initial session_state keys: ['btn_admin', 'user_data', 'token', 'page', 'leave_data', 'btn_organization', 'authenticated', 'btn_proje_analiz', 'btn_b2c', 'btn_dashboard', 'gallery_state', 'btn_assistant', 'chat_history']
2025-12-24 17:02:40,500 DEBUG Initial query_params: {}
2025-12-24 17:02:40,500 DEBUG ENABLE_PASSWORD_RESET=False
2025-12-24 17:02:40,640 DEBUG Starting app.py
2025-12-24 17:02:40,640 DEBUG Initial session_state keys: ['user_data', 'token', 'page', 'leave_data', 'btn_organization', 'authenticated', 'btn_proje_analiz', 'btn_b2c', 'btn_dashboard', 'gallery_state', 'btn_assistant', 'chat_history']
2025-12-24 17:02:40,640 DEBUG Initial query_params: {}
2025-12-24 17:02:40,640 DEBUG ENABLE_PASSWORD_RESET=False
2025-12-24 17:21:17,685 DEBUG Starting app.py
2025-12-24 17:21:17,686 DEBUG Initial session_state keys: []
2025-12-24 17:21:17,686 DEBUG Initial query_params: {}
2025-12-24 17:21:17,686 DEBUG ENABLE_PASSWORD_RESET=False
2025-12-24 17:21:26,629 DEBUG Starting app.py
2025-12-24 17:21:26,629 DEBUG Initial session_state keys: ['user_data', 'token', 'page', 'leave_data', 'login_btn', 'login_email', 'login_password', 'authenticated', 'gallery_state', 'chat_history']
2025-12-24 17:21:26,629 DEBUG Initial query_params: {}
2025-12-24 17:21:26,632 DEBUG ENABLE_PASSWORD_RESET=False
2025-12-24 17:21:32,832 DEBUG Starting app.py
2025-12-24 17:21:32,836 DEBUG Initial session_state keys: ['user_data', 'token', 'page', 'leave_data', 'login_btn', 'login_email', 'login_password', 'authenticated', 'gallery_state', 'chat_history']
2025-12-24 17:21:32,837 DEBUG Initial query_params: {}
2025-12-24 17:21:32,837 DEBUG ENABLE_PASSWORD_RESET=False
2025-12-24 17:21:38,289 DEBUG Starting app.py
2025-12-24 17:21:38,291 DEBUG Initial session_state keys: ['user_data', 'token', 'page', 'leave_data', 'login_btn', 'login_email', 'login_password', 'authenticated', 'gallery_state', 'chat_history']
2025-12-24 17:21:38,291 DEBUG Initial query_params: {}
2025-12-24 17:21:38,291 DEBUG ENABLE_PASSWORD_RESET=False
2025-12-24 17:21:38,416 DEBUG Starting app.py
2025-12-24 17:21:38,416 DEBUG Initial session_state keys: ['user_data', 'token', 'page', 'leave_data', 'login_btn', 'login_email', 'login_password', 'authenticated', 'gallery_state', 'chat_history']
2025-12-24 17:21:38,416 DEBUG Initial query_params: {}
2025-12-24 17:21:38,416 DEBUG ENABLE_PASSWORD_RESET=False
2025-12-24 17:21:38,432 DEBUG Saving users.json with 4 users
2025-12-24 17:21:38,437 DEBUG users.json saved
2025-12-24 17:21:38,542 DEBUG Starting app.py
2025-12-24 17:21:38,550 DEBUG Initial session_state keys: ['user_data', 'token', 'page', 'leave_data', 'login_btn', 'login_email', 'login_password', 'authenticated', 'gallery_state', 'chat_history']
2025-12-24 17:21:38,550 DEBUG Initial query_params: {}
2025-12-24 17:21:38,552 DEBUG ENABLE_PASSWORD_RESET=False
2025-12-24 17:21:40,041 DEBUG Starting app.py
2025-12-24 17:21:40,041 DEBUG Initial session_state keys: ['btn_admin', 'user_data', 'token', 'page', 'leave_data', 'btn_organization', 'authenticated', 'btn_proje_analiz', 'btn_b2c', 'btn_dashboard', 'gallery_state', 'btn_assistant', 'chat_history']
2025-12-24 17:21:40,041 DEBUG Initial query_params: {}
2025-12-24 17:21:40,041 DEBUG ENABLE_PASSWORD_RESET=False
2025-12-24 17:21:40,173 DEBUG Starting app.py
2025-12-24 17:21:40,182 DEBUG Initial session_state keys: ['user_data', 'token', 'page', 'leave_data', 'btn_organization', 'authenticated', 'btn_proje_analiz', 'btn_b2c', 'btn_dashboard', 'gallery_state', 'btn_assistant', 'chat_history']
2025-12-24 17:21:40,182 DEBUG Initial query_params: {}
2025-12-24 17:21:40,182 DEBUG ENABLE_PASSWORD_RESET=False
